#
# A fatal error has been detected by the Java Runtime Environment:
#
#  EXCEPTION_ACCESS_VIOLATION (0xc0000005) at pc=0x000000005ea53612, pid=672, tid=6824
#
# JRE version: Java(TM) SE Runtime Environment (8.0_60-b27) (build 1.8.0_60-b27)
# Java VM: Java HotSpot(TM) 64-Bit Server VM (25.60-b23 mixed mode windows-amd64 compressed oops)
# Problematic frame:
# V  [jvm.dll+0x143612]
#
# Failed to write core dump. Minidumps are not enabled by default on client versions of Windows
#
# If you would like to submit a bug report, please visit:
#   http://bugreport.java.com/bugreport/crash.jsp
#

---------------  T H R E A D  ---------------

Current thread (0x0000000002402800):  JavaThread "main" [_thread_in_vm, id=6824, stack(0x0000000002280000,0x0000000002380000)]

siginfo: ExceptionCode=0xc0000005, reading address 0x0000000000000000

Registers:
RAX=0x0000000000000000, RBX=0x0000000002402800, RCX=0x0000000000000280, RDX=0x0000000000000000
RSP=0x000000000237e750, RBP=0x0000000000000000, RSI=0x0000000000000000, RDI=0x0000000000000000
R8 =0x0000000000000000, R9 =0x00000000d63c02e8, R10=0x0000000000000028, R11=0x000000005f111258
R12=0x0000000000000000, R13=0x000000001d217380, R14=0x000000000237e8f0, R15=0x0000000002402800
RIP=0x000000005ea53612, EFLAGS=0x0000000000010202

Top of Stack: (sp=0x000000000237e750)
0x000000000237e750:   000000000237e810 000000005eae9aa7
0x000000000237e760:   000000000237e810 000000006934210c
0x000000000237e770:   0000000002402800 0000000000000000
0x000000000237e780:   000000001d217380 0000000069341599
0x000000000237e790:   0000000002402800 00000000025781a0
0x000000000237e7a0:   000000001d217388 000000000237e8f0
0x000000000237e7b0:   0000000002578fd0 00000000024029f8
0x000000000237e7c0:   000000000094dfb8 0000000069342165
0x000000000237e7d0:   0000000000000000 000000000237e8f0
0x000000000237e7e0:   000000001d217388 00000000024029f8
0x000000000237e7f0:   000000001d217388 0000000002402800
0x000000000237e800:   0000000000000148 00000000025967c9
0x000000000237e810:   0000000000000000 000000001d217388
0x000000000237e820:   000000001ad5f9e8 0000000000000148
0x000000000237e830:   000000000237e8c8 0000000002596937
0x000000000237e840:   000000001ad5f9e8 0000000000000148 

Instructions: (pc=0x000000005ea53612)
0x000000005ea535f2:   89 5c 24 20 48 89 74 24 28 48 39 73 08 74 0a 48
0x000000005ea53602:   8d 4c 24 20 e8 55 5c 13 00 40 38 35 5e cc 6b 00
0x000000005ea53612:   48 8b 3f 48 63 05 60 46 6a 00 74 1b 8b 0c 38 85
0x000000005ea53622:   c9 74 7c 8b c1 8b 0d 53 21 65 00 48 d3 e0 48 03 


Register to memory mapping:

RAX=0x0000000000000000 is an unknown value
RBX=0x0000000002402800 is a thread
RCX=0x0000000000000280 is an unknown value
RDX=0x0000000000000000 is an unknown value
RSP=0x000000000237e750 is pointing into the stack for thread: 0x0000000002402800
RBP=0x0000000000000000 is an unknown value
RSI=0x0000000000000000 is an unknown value
RDI=0x0000000000000000 is an unknown value
R8 =0x0000000000000000 is an unknown value
R9 =0x00000000d63c02e8 is an oop
org.sqlite.NativeDB 
 - klass: 'org/sqlite/NativeDB'
R10=0x0000000000000028 is an unknown value
R11=0x000000005f111258 is an unknown value
R12=0x0000000000000000 is an unknown value
R13=0x000000001d217380 is pointing into metadata
R14=0x000000000237e8f0 is pointing into the stack for thread: 0x0000000002402800
R15=0x0000000002402800 is a thread


Stack: [0x0000000002280000,0x0000000002380000],  sp=0x000000000237e750,  free space=1017k
Native frames: (J=compiled Java code, j=interpreted, Vv=VM code, C=native code)

Java frames: (J=compiled Java code, j=interpreted, Vv=VM code)
j  org.sqlite.NativeDB._exec(Ljava/lang/String;)I+0
j  org.sqlite.Stmt.executeUpdate(Ljava/lang/String;)I+38
j  ee.ut.smarttool.DB.DB.executeQuery(Ljava/lang/String;)I+14
j  ee.ut.smarttool.DB.AttackTreeDBService.insertAttackTree(Ljava/lang/String;Ljava/lang/String;)I+24
j  lu.uni.adtool.tree.Node.<init>()V+39
j  lu.uni.adtool.tree.GuiNode.<init>()V+1
j  lu.uni.adtool.tree.ADTNode.<init>()V+1
j  lu.uni.adtool.tree.TreeLayout.readXML(Lbibliothek/util/xml/XElement;)V+84
j  bibliothek.gui.dock.common.intern.CommonMultipleDockableFactory.read(Lbibliothek/util/xml/XElement;Lbibliothek/gui/dock/station/support/PlaceholderStrategy;)Lbibliothek/gui/dock/common/intern/CommonMultipleDockableLayout;+31
j  bibliothek.gui.dock.common.intern.CommonMultipleDockableFactory.read(Lbibliothek/util/xml/XElement;Lbibliothek/gui/dock/station/support/PlaceholderStrategy;)Ljava/lang/Object;+3
j  bibliothek.gui.dock.layout.DockSituation.readEntry(Lbibliothek/util/xml/XElement;)Lbibliothek/gui/dock/layout/DockLayoutInfo;+62
j  bibliothek.gui.dock.layout.DockSituation.readCompositionXML(Lbibliothek/util/xml/XElement;)Lbibliothek/gui/dock/layout/DockLayoutComposition;+9
j  bibliothek.gui.dock.layout.DockSituation.readCompositionXML(Lbibliothek/util/xml/XElement;)Lbibliothek/gui/dock/layout/DockLayoutComposition;+259
j  bibliothek.gui.dock.layout.DockSituation.readCompositionXML(Lbibliothek/util/xml/XElement;)Lbibliothek/gui/dock/layout/DockLayoutComposition;+259
j  bibliothek.gui.dock.layout.DockSituation.readCompositionXML(Lbibliothek/util/xml/XElement;)Lbibliothek/gui/dock/layout/DockLayoutComposition;+259
j  bibliothek.gui.dock.frontend.Setting.readXML(Lbibliothek/gui/dock/layout/DockSituation;Lbibliothek/gui/dock/layout/PropertyTransformer;ZLbibliothek/util/xml/XElement;)V+75
j  bibliothek.gui.dock.common.intern.CSetting.readXML(Lbibliothek/gui/dock/layout/DockSituation;Lbibliothek/gui/dock/layout/PropertyTransformer;ZLbibliothek/util/xml/XElement;)V+11
j  bibliothek.gui.DockFrontend.readXML(ZLbibliothek/util/xml/XElement;)Lbibliothek/gui/dock/frontend/Setting;+50
j  bibliothek.gui.DockFrontend.readBlopXML(Lbibliothek/util/xml/XElement;)Lbibliothek/gui/dock/frontend/SettingsBlop;+130
j  bibliothek.gui.DockFrontend.readXML(Lbibliothek/util/xml/XElement;Z)V+3
j  bibliothek.gui.DockFrontend.readXML(Lbibliothek/util/xml/XElement;)V+3
j  bibliothek.gui.dock.common.CControl$9.readXML(Lbibliothek/util/xml/XElement;)V+13
j  bibliothek.gui.dock.support.util.ApplicationResourceManager.readXML(Lbibliothek/util/xml/XElement;)V+59
j  bibliothek.gui.dock.common.CControl.readXML(Lbibliothek/util/xml/XElement;)V+5
j  bibliothek.gui.dock.common.CControl.readXML(Ljava/io/File;)V+27
j  lu.uni.adtool.tools.Options.tryLoadLayout(Lbibliothek/gui/dock/common/CControl;Llu/uni/adtool/ADToolMain;)Z+124
j  lu.uni.adtool.ADToolMain.<init>(Llu/uni/adtool/tools/Clo;)V+468
j  lu.uni.adtool.ADToolMain.main([Ljava/lang/String;)V+21
v  ~StubRoutines::call_stub

---------------  P R O C E S S  ---------------

Java Threads: ( => current thread )
  0x00000000197e8800 JavaThread "Swing-Shell" daemon [_thread_blocked, id=9848, stack(0x000000001af60000,0x000000001b060000)]
  0x00000000193ee800 JavaThread "TimerQueue" daemon [_thread_blocked, id=13056, stack(0x000000001a860000,0x000000001a960000)]
  0x00000000193ed800 JavaThread "AWT-EventQueue-0" [_thread_blocked, id=12604, stack(0x000000001a760000,0x000000001a860000)]
  0x000000001939b000 JavaThread "Image Fetcher 2" daemon [_thread_blocked, id=10808, stack(0x000000001a460000,0x000000001a560000)]
  0x0000000019392800 JavaThread "Image Fetcher 1" daemon [_thread_blocked, id=1988, stack(0x000000001a360000,0x000000001a460000)]
  0x000000001936b800 JavaThread "Image Fetcher 0" daemon [_thread_blocked, id=16856, stack(0x000000001a260000,0x000000001a360000)]
  0x00000000191f2000 JavaThread "AWT-Windows" daemon [_thread_in_native, id=11400, stack(0x0000000019be0000,0x0000000019ce0000)]
  0x00000000191ef000 JavaThread "AWT-Shutdown" [_thread_blocked, id=6528, stack(0x0000000019ae0000,0x0000000019be0000)]
  0x00000000191ee800 JavaThread "Java2D Disposer" daemon [_thread_blocked, id=9432, stack(0x00000000199e0000,0x0000000019ae0000)]
  0x0000000018a1a800 JavaThread "Service Thread" daemon [_thread_blocked, id=2524, stack(0x0000000018df0000,0x0000000018ef0000)]
  0x00000000170ab800 JavaThread "C1 CompilerThread2" daemon [_thread_blocked, id=10732, stack(0x00000000188f0000,0x00000000189f0000)]
  0x00000000170a5800 JavaThread "C2 CompilerThread1" daemon [_thread_in_native, id=16248, stack(0x00000000187f0000,0x00000000188f0000)]
  0x00000000170a3000 JavaThread "C2 CompilerThread0" daemon [_thread_blocked, id=11748, stack(0x00000000186f0000,0x00000000187f0000)]
  0x000000001709f800 JavaThread "Attach Listener" daemon [_thread_blocked, id=11372, stack(0x00000000185f0000,0x00000000186f0000)]
  0x000000001709e000 JavaThread "Signal Dispatcher" daemon [_thread_blocked, id=5628, stack(0x00000000184f0000,0x00000000185f0000)]
  0x00000000024f8000 JavaThread "Finalizer" daemon [_thread_blocked, id=10996, stack(0x0000000018310000,0x0000000018410000)]
  0x0000000017069000 JavaThread "Reference Handler" daemon [_thread_blocked, id=840, stack(0x0000000018210000,0x0000000018310000)]
=>0x0000000002402800 JavaThread "main" [_thread_in_vm, id=6824, stack(0x0000000002280000,0x0000000002380000)]

Other Threads:
  0x0000000017067000 VMThread [stack: 0x0000000018110000,0x0000000018210000] [id=16072]
  0x0000000018a30000 WatcherThread [stack: 0x0000000018ef0000,0x0000000018ff0000] [id=15728]

VM state:not at safepoint (normal execution)

VM Mutex/Monitor currently owned by a thread: None

Heap:
 PSYoungGen      total 38400K, used 5041K [0x00000000d5f80000, 0x00000000d8a00000, 0x0000000100000000)
  eden space 33280K, 15% used [0x00000000d5f80000,0x00000000d646c688,0x00000000d8000000)
  from space 5120K, 0% used [0x00000000d8500000,0x00000000d8500000,0x00000000d8a00000)
  to   space 5120K, 0% used [0x00000000d8000000,0x00000000d8000000,0x00000000d8500000)
 ParOldGen       total 64000K, used 5670K [0x0000000081e00000, 0x0000000085c80000, 0x00000000d5f80000)
  object space 64000K, 8% used [0x0000000081e00000,0x0000000082389820,0x0000000085c80000)
 Metaspace       used 23252K, capacity 23532K, committed 23808K, reserved 1069056K
  class space    used 3464K, capacity 3568K, committed 3584K, reserved 1048576K

Card table byte_map: [0x0000000011940000,0x0000000011d40000] byte_map_base: 0x0000000011531000

Marking Bits: (ParMarkBitMap*) 0x000000005f11a5b0
 Begin Bits: [0x00000000123f0000, 0x0000000014378000)
 End Bits:   [0x0000000014378000, 0x0000000016300000)

Polling page: 0x00000000006d0000

CodeCache: size=245760Kb used=5451Kb max_used=5463Kb free=240308Kb
 bounds [0x0000000002580000, 0x0000000002ae0000, 0x0000000011580000]
 total_blobs=2231 nmethods=1680 adapters=463
 compilation: enabled

Compilation events (10 events):
Event: 4.715 Thread 0x00000000170a3000 1677 % !   4       org.sqlite.SQLiteJDBCLoader::md5sum @ 25 (104 bytes)
Event: 4.723 Thread 0x00000000170a5800 nmethod 1674 0x0000000002ad4c90 code [0x0000000002ad4de0, 0x0000000002ad5a08]
Event: 4.736 Thread 0x00000000170a3000 nmethod 1677% 0x0000000002ad6250 code [0x0000000002ad6460, 0x0000000002ad7240]
Event: 4.736 Thread 0x00000000170a5800 1678   !   4       org.sqlite.SQLiteJDBCLoader::md5sum (104 bytes)
Event: 4.736 Thread 0x00000000170a3000 1679       4       java.security.DigestInputStream::read (31 bytes)
Event: 4.743 Thread 0x00000000170ab800 1681       1       java.lang.StringCoding$StringDecoder::requestedCharsetName (5 bytes)
Event: 4.743 Thread 0x00000000170ab800 nmethod 1681 0x0000000002ad03d0 code [0x0000000002ad0520, 0x0000000002ad0630]
Event: 4.748 Thread 0x00000000170a3000 nmethod 1679 0x0000000002ada3d0 code [0x0000000002ada560, 0x0000000002adaed8]
Event: 4.748 Thread 0x00000000170a3000 1680       4       java.security.MessageDigest::update (11 bytes)
Event: 4.756 Thread 0x00000000170a3000 nmethod 1680 0x0000000002ad4210 code [0x0000000002ad4380, 0x0000000002ad47e8]

GC Heap History (6 events):
Event: 1.329 GC heap before
{Heap before GC invocations=1 (full 0):
 PSYoungGen      total 38400K, used 33280K [0x00000000d5f80000, 0x00000000d8a00000, 0x0000000100000000)
  eden space 33280K, 100% used [0x00000000d5f80000,0x00000000d8000000,0x00000000d8000000)
  from space 5120K, 0% used [0x00000000d8500000,0x00000000d8500000,0x00000000d8a00000)
  to   space 5120K, 0% used [0x00000000d8000000,0x00000000d8000000,0x00000000d8500000)
 ParOldGen       total 87552K, used 0K [0x0000000081e00000, 0x0000000087380000, 0x00000000d5f80000)
  object space 87552K, 0% used [0x0000000081e00000,0x0000000081e00000,0x0000000087380000)
 Metaspace       used 15251K, capacity 15460K, committed 15616K, reserved 1062912K
  class space    used 2174K, capacity 2250K, committed 2304K, reserved 1048576K
Event: 1.338 GC heap after
Heap after GC invocations=1 (full 0):
 PSYoungGen      total 38400K, used 5104K [0x00000000d5f80000, 0x00000000d8a00000, 0x0000000100000000)
  eden space 33280K, 0% used [0x00000000d5f80000,0x00000000d5f80000,0x00000000d8000000)
  from space 5120K, 99% used [0x00000000d8000000,0x00000000d84fc008,0x00000000d8500000)
  to   space 5120K, 0% used [0x00000000d8500000,0x00000000d8500000,0x00000000d8a00000)
 ParOldGen       total 87552K, used 1847K [0x0000000081e00000, 0x0000000087380000, 0x00000000d5f80000)
  object space 87552K, 2% used [0x0000000081e00000,0x0000000081fcdfb8,0x0000000087380000)
 Metaspace       used 15251K, capacity 15460K, committed 15616K, reserved 1062912K
  class space    used 2174K, capacity 2250K, committed 2304K, reserved 1048576K
}
Event: 2.151 GC heap before
{Heap before GC invocations=2 (full 0):
 PSYoungGen      total 38400K, used 23032K [0x00000000d5f80000, 0x00000000d8a00000, 0x0000000100000000)
  eden space 33280K, 53% used [0x00000000d5f80000,0x00000000d71022f0,0x00000000d8000000)
  from space 5120K, 99% used [0x00000000d8000000,0x00000000d84fc008,0x00000000d8500000)
  to   space 5120K, 0% used [0x00000000d8500000,0x00000000d8500000,0x00000000d8a00000)
 ParOldGen       total 87552K, used 1847K [0x0000000081e00000, 0x0000000087380000, 0x00000000d5f80000)
  object space 87552K, 2% used [0x0000000081e00000,0x0000000081fcdfb8,0x0000000087380000)
 Metaspace       used 20828K, capacity 21032K, committed 21248K, reserved 1067008K
  class space    used 3182K, capacity 3248K, committed 3328K, reserved 1048576K
Event: 2.161 GC heap after
Heap after GC invocations=2 (full 0):
 PSYoungGen      total 38400K, used 5090K [0x00000000d5f80000, 0x00000000d8a00000, 0x0000000100000000)
  eden space 33280K, 0% used [0x00000000d5f80000,0x00000000d5f80000,0x00000000d8000000)
  from space 5120K, 99% used [0x00000000d8500000,0x00000000d89f8b60,0x00000000d8a00000)
  to   space 5120K, 0% used [0x00000000d8000000,0x00000000d8000000,0x00000000d8500000)
 ParOldGen       total 87552K, used 2574K [0x0000000081e00000, 0x0000000087380000, 0x00000000d5f80000)
  object space 87552K, 2% used [0x0000000081e00000,0x0000000082083b80,0x0000000087380000)
 Metaspace       used 20828K, capacity 21032K, committed 21248K, reserved 1067008K
  class space    used 3182K, capacity 3248K, committed 3328K, reserved 1048576K
}
Event: 2.161 GC heap before
{Heap before GC invocations=3 (full 1):
 PSYoungGen      total 38400K, used 5090K [0x00000000d5f80000, 0x00000000d8a00000, 0x0000000100000000)
  eden space 33280K, 0% used [0x00000000d5f80000,0x00000000d5f80000,0x00000000d8000000)
  from space 5120K, 99% used [0x00000000d8500000,0x00000000d89f8b60,0x00000000d8a00000)
  to   space 5120K, 0% used [0x00000000d8000000,0x00000000d8000000,0x00000000d8500000)
 ParOldGen       total 87552K, used 2574K [0x0000000081e00000, 0x0000000087380000, 0x00000000d5f80000)
  object space 87552K, 2% used [0x0000000081e00000,0x0000000082083b80,0x0000000087380000)
 Metaspace       used 20828K, capacity 21032K, committed 21248K, reserved 1067008K
  class space    used 3182K, capacity 3248K, committed 3328K, reserved 1048576K
Event: 2.204 GC heap after
Heap after GC invocations=3 (full 1):
 PSYoungGen      total 38400K, used 0K [0x00000000d5f80000, 0x00000000d8a00000, 0x0000000100000000)
  eden space 33280K, 0% used [0x00000000d5f80000,0x00000000d5f80000,0x00000000d8000000)
  from space 5120K, 0% used [0x00000000d8500000,0x00000000d8500000,0x00000000d8a00000)
  to   space 5120K, 0% used [0x00000000d8000000,0x00000000d8000000,0x00000000d8500000)
 ParOldGen       total 64000K, used 5670K [0x0000000081e00000, 0x0000000085c80000, 0x00000000d5f80000)
  object space 64000K, 8% used [0x0000000081e00000,0x0000000082389820,0x0000000085c80000)
 Metaspace       used 20828K, capacity 21032K, committed 21248K, reserved 1067008K
  class space    used 3182K, capacity 3248K, committed 3328K, reserved 1048576K
}

Deoptimization events (10 events):
Event: 2.031 Thread 0x00000000193ed800 Uncommon trap: reason=unstable_if action=reinterpret pc=0x000000000297359c method=java.util.LinkedList$ListItr.hasNext()Z @ 11
Event: 2.137 Thread 0x00000000191f2000 Uncommon trap: reason=bimorphic action=maybe_recompile pc=0x000000000291f644 method=java.util.HashMap.putVal(ILjava/lang/Object;Ljava/lang/Object;ZZ)Ljava/lang/Object; @ 203
Event: 2.137 Thread 0x00000000191f2000 Uncommon trap: reason=bimorphic action=maybe_recompile pc=0x000000000291f644 method=java.util.HashMap.putVal(ILjava/lang/Object;Ljava/lang/Object;ZZ)Ljava/lang/Object; @ 203
Event: 2.317 Thread 0x00000000193ed800 Uncommon trap: reason=unstable_if action=reinterpret pc=0x0000000002964f24 method=sun.awt.SunToolkit.getAppContext(Ljava/lang/Object;)Lsun/awt/AppContext; @ 4
Event: 2.319 Thread 0x00000000193ed800 Uncommon trap: reason=unstable_if action=reinterpret pc=0x0000000002999cf0 method=sun.awt.SunToolkit.getAppContext(Ljava/lang/Object;)Lsun/awt/AppContext; @ 4
Event: 4.650 Thread 0x0000000002402800 Uncommon trap: reason=unstable_if action=reinterpret pc=0x00000000027bb260 method=java.util.Properties.loadConvert([CII[C)Ljava/lang/String; @ 4
Event: 4.655 Thread 0x0000000002402800 Uncommon trap: reason=unstable_if action=reinterpret pc=0x0000000002763628 method=java.lang.String.indexOf([CII[CIII)I @ 3
Event: 4.706 Thread 0x0000000002402800 Uncommon trap: reason=unstable_if action=reinterpret pc=0x0000000002acc708 method=java.security.DigestInputStream.read()I @ 17
Event: 4.706 Thread 0x0000000002402800 Uncommon trap: reason=unstable_if action=reinterpret pc=0x0000000002ad38e4 method=org.sqlite.SQLiteJDBCLoader.md5sum(Ljava/io/InputStream;)Ljava/lang/String; @ 29
Event: 4.707 Thread 0x0000000002402800 Uncommon trap: reason=unstable_if action=reinterpret pc=0x0000000002ac66e0 method=sun.security.provider.DigestBase.engineUpdate(B)V @ 4

Internal exceptions (10 events):
Event: 0.034 Thread 0x0000000002402800 Exception <a 'java/lang/NoSuchMethodError': Method sun.misc.Unsafe.prefetchRead(Ljava/lang/Object;J)V name or signature does not match> (0x00000000d5f8ed68) thrown at [C:\re\workspace\8-2-build-windows-amd64-cygwin\jdk8u60\4407\hotspot\src\share\vm\prims\j§ÊÞŽ2Á?
Event: 0.134 Thread 0x0000000002402800 Exception <a 'java/security/PrivilegedActionException'> (0x00000000d6224890) thrown at [C:\re\workspace\8-2-build-windows-amd64-cygwin\jdk8u60\4407\hotspot\src\share\vm\prims\jvm.cpp, line 1386]
Event: 0.134 Thread 0x0000000002402800 Exception <a 'java/security/PrivilegedActionException'> (0x00000000d6224aa0) thrown at [C:\re\workspace\8-2-build-windows-amd64-cygwin\jdk8u60\4407\hotspot\src\share\vm\prims\jvm.cpp, line 1386]
Event: 0.135 Thread 0x0000000002402800 Exception <a 'java/security/PrivilegedActionException'> (0x00000000d62288e8) thrown at [C:\re\workspace\8-2-build-windows-amd64-cygwin\jdk8u60\4407\hotspot\src\share\vm\prims\jvm.cpp, line 1386]
Event: 0.135 Thread 0x0000000002402800 Exception <a 'java/security/PrivilegedActionException'> (0x00000000d6228af8) thrown at [C:\re\workspace\8-2-build-windows-amd64-cygwin\jdk8u60\4407\hotspot\src\share\vm\prims\jvm.cpp, line 1386]
Event: 0.139 Thread 0x0000000002402800 Exception <a 'java/io/FileNotFoundException'> (0x00000000d622aed0) thrown at [C:\re\workspace\8-2-build-windows-amd64-cygwin\jdk8u60\4407\hotspot\src\share\vm\prims\jni.cpp, line 709]
Event: 0.180 Thread 0x0000000002402800 Exception <a 'java/lang/NoSuchFieldError': method resolution failed> (0x00000000d62f8fd8) thrown at [C:\re\workspace\8-2-build-windows-amd64-cygwin\jdk8u60\4407\hotspot\src\share\vm\prims\methodHandles.cpp, line 1146]
Event: 0.182 Thread 0x0000000002402800 Exception <a 'java/lang/NoSuchFieldError': method resolution failed> (0x00000000d63063a8) thrown at [C:\re\workspace\8-2-build-windows-amd64-cygwin\jdk8u60\4407\hotspot\src\share\vm\prims\methodHandles.cpp, line 1146]
Event: 0.269 Thread 0x0000000002402800 Exception <a 'java/io/FileNotFoundException'> (0x00000000d6490348) thrown at [C:\re\workspace\8-2-build-windows-amd64-cygwin\jdk8u60\4407\hotspot\src\share\vm\prims\jni.cpp, line 709]
Event: 4.707 Thread 0x0000000002402800 Implicit null exception at 0x0000000002ac640a to 0x0000000002ac66cd

Events (10 events):
Event: 4.756 loading class org/sqlite/RS
Event: 4.756 loading class org/sqlite/RS done
Event: 4.757 loading class java/sql/ResultSetMetaData
Event: 4.757 loading class java/sql/ResultSetMetaData done
Event: 4.759 loading class java/util/Hashtable$KeySet
Event: 4.759 loading class java/util/Hashtable$KeySet done
Event: 4.760 loading class org/sqlite/ExtendedCommand
Event: 4.760 loading class org/sqlite/ExtendedCommand done
Event: 4.760 loading class org/sqlite/ExtendedCommand$SQLExtension
Event: 4.760 loading class org/sqlite/ExtendedCommand$SQLExtension done


Dynamic libraries:
0x00007ff63a050000 - 0x00007ff63a087000 	C:\Program Files\Java\jdk1.8.0_60\bin\java.exe
0x00007fff46450000 - 0x00007fff465fd000 	C:\Windows\SYSTEM32\ntdll.dll
0x00007fff45ad0000 - 0x00007fff45c0e000 	C:\Windows\system32\KERNEL32.DLL
0x00007fff436d0000 - 0x00007fff437e5000 	C:\Windows\system32\KERNELBASE.dll
0x00007fff41f90000 - 0x00007fff4201e000 	C:\Windows\system32\apphelp.dll
0x00007fff3b830000 - 0x00007fff3b883000 	C:\Windows\AppPatch\AppPatch64\AcGenral.DLL
0x00007fff45900000 - 0x00007fff459aa000 	C:\Windows\system32\msvcrt.dll
0x00007fff436a0000 - 0x00007fff436ce000 	C:\Windows\system32\SspiCli.dll
0x00007fff454e0000 - 0x00007fff45534000 	C:\Windows\system32\SHLWAPI.dll
0x00007fff45c10000 - 0x00007fff45d87000 	C:\Windows\system32\USER32.dll
0x00007fff46280000 - 0x00007fff46414000 	C:\Windows\system32\ole32.dll
0x00007fff43e50000 - 0x00007fff45378000 	C:\Windows\system32\SHELL32.dll
0x00007fff42c00000 - 0x00007fff42c21000 	C:\Windows\SYSTEM32\USERENV.dll
0x00007fff459b0000 - 0x00007fff45a5a000 	C:\Windows\system32\ADVAPI32.dll
0x00007fff2b790000 - 0x00007fff2b7ae000 	C:\Windows\SYSTEM32\MPR.dll
0x00007fff45700000 - 0x00007fff45840000 	C:\Windows\system32\RPCRT4.dll
0x00007fff45e70000 - 0x00007fff45ec9000 	C:\Windows\SYSTEM32\sechost.dll
0x00007fff43c30000 - 0x00007fff43e41000 	C:\Windows\SYSTEM32\combase.dll
0x00007fff43ad0000 - 0x00007fff43c1f000 	C:\Windows\system32\GDI32.dll
0x00007fff43570000 - 0x00007fff43585000 	C:\Windows\SYSTEM32\profapi.dll
0x00007fff41960000 - 0x00007fff41a12000 	C:\Windows\SYSTEM32\SHCORE.dll
0x00007fff45ff0000 - 0x00007fff46026000 	C:\Windows\system32\IMM32.DLL
0x00007fff45380000 - 0x00007fff454d2000 	C:\Windows\system32\MSCTF.dll
0x000000005fd20000 - 0x000000005fda8000 	C:\Windows\System32\SYSFER.DLL
0x00007fff41330000 - 0x00007fff415ab000 	C:\Windows\WinSxS\amd64_microsoft.windows.common-controls_6595b64144ccf1df_6.0.9600.18006_none_623f33d3ecbe86e8\COMCTL32.dll
0x000000005e350000 - 0x000000005e422000 	C:\Program Files\Java\jdk1.8.0_60\jre\bin\msvcr100.dll
0x000000005e910000 - 0x000000005f199000 	C:\Program Files\Java\jdk1.8.0_60\jre\bin\server\jvm.dll
0x00007fff390a0000 - 0x00007fff390a9000 	C:\Windows\SYSTEM32\WSOCK32.dll
0x00007fff3d940000 - 0x00007fff3d962000 	C:\Windows\SYSTEM32\WINMM.dll
0x00007fff3ce10000 - 0x00007fff3ce1a000 	C:\Windows\SYSTEM32\VERSION.dll
0x00007fff45ac0000 - 0x00007fff45ac7000 	C:\Windows\system32\PSAPI.DLL
0x00007fff45a60000 - 0x00007fff45aba000 	C:\Windows\system32\WS2_32.dll
0x00007fff3d910000 - 0x00007fff3d93a000 	C:\Windows\SYSTEM32\WINMMBASE.dll
0x00007fff43c20000 - 0x00007fff43c29000 	C:\Windows\system32\NSI.dll
0x00007fff437f0000 - 0x00007fff4383f000 	C:\Windows\SYSTEM32\cfgmgr32.dll
0x00007fff421f0000 - 0x00007fff42218000 	C:\Windows\SYSTEM32\DEVOBJ.dll
0x000000005e8c0000 - 0x000000005e8cf000 	C:\Program Files\Java\jdk1.8.0_60\jre\bin\verify.dll
0x000000005e890000 - 0x000000005e8b9000 	C:\Program Files\Java\jdk1.8.0_60\jre\bin\java.dll
0x000000005e870000 - 0x000000005e886000 	C:\Program Files\Java\jdk1.8.0_60\jre\bin\zip.dll
0x000000005e190000 - 0x000000005e328000 	C:\Program Files\Java\jdk1.8.0_60\jre\bin\awt.dll
0x00007fff45d90000 - 0x00007fff45e56000 	C:\Windows\system32\OLEAUT32.dll
0x00007fff41760000 - 0x00007fff41781000 	C:\Windows\system32\DWMAPI.DLL
0x00007fff420c0000 - 0x00007fff421e9000 	C:\Windows\system32\uxtheme.dll
0x00007fff42020000 - 0x00007fff4202b000 	C:\Windows\SYSTEM32\kernel.appcore.dll
0x00007fff434b0000 - 0x00007fff434bb000 	C:\Windows\SYSTEM32\CRYPTBASE.dll
0x00007fff43440000 - 0x00007fff434a3000 	C:\Windows\SYSTEM32\bcryptPrimitives.dll
0x00007fff356a0000 - 0x00007fff35744000 	C:\Windows\WinSxS\amd64_microsoft.windows.common-controls_6595b64144ccf1df_5.82.9600.17810_none_34ae2abd958aedeb\comctl32.dll
0x000000005e140000 - 0x000000005e187000 	C:\Program Files\Java\jdk1.8.0_60\jre\bin\fontmanager.dll
0x000000005e850000 - 0x000000005e86a000 	C:\Program Files\Java\jdk1.8.0_60\jre\bin\net.dll
0x00007fff42e70000 - 0x00007fff42ec9000 	C:\Windows\system32\mswsock.dll
0x000000005e330000 - 0x000000005e341000 	C:\Program Files\Java\jdk1.8.0_60\jre\bin\nio.dll
0x000000005e0f0000 - 0x000000005e132000 	C:\Program Files\Java\jdk1.8.0_60\jre\bin\t2k.dll
0x00007fff45ed0000 - 0x00007fff45f86000 	C:\Windows\SYSTEM32\clbcatq.dll
0x00007fff3df60000 - 0x00007fff3e0df000 	C:\Windows\SYSTEM32\PROPSYS.dll
0x00007fff08d10000 - 0x00007fff08ead000 	C:\Windows\system32\NetworkExplorer.dll
0x00007fff46030000 - 0x00007fff4620a000 	C:\Windows\system32\SETUPAPI.dll
0x00007fff3fdf0000 - 0x00007fff3fdfb000 	C:\Windows\System32\drprov.dll
0x00007fff42620000 - 0x00007fff4267a000 	C:\Windows\System32\WINSTA.dll
0x00007fff3ed50000 - 0x00007fff3ed67000 	C:\Windows\System32\ntlanman.dll
0x00007fff3e9a0000 - 0x00007fff3e9bf000 	C:\Windows\System32\davclnt.dll
0x00007fff3fde0000 - 0x00007fff3fdec000 	C:\Windows\System32\DAVHLPR.dll
0x00007fff3e860000 - 0x00007fff3e877000 	C:\Windows\System32\wkscli.dll
0x00007fff305c0000 - 0x00007fff305d2000 	C:\Windows\SYSTEM32\cscapi.dll
0x00007fff42bd0000 - 0x00007fff42bdc000 	C:\Windows\System32\netutils.dll
0x00007fff1f7d0000 - 0x00007fff1f84b000 	C:\Windows\System32\dlnashext.dll
0x00007fff3ade0000 - 0x00007fff3ae2e000 	C:\Windows\System32\PlayToDevice.dll
0x00007fff42fd0000 - 0x00007fff42ff0000 	C:\Windows\SYSTEM32\CRYPTSP.dll
0x00007fff42af0000 - 0x00007fff42b26000 	C:\Windows\system32\rsaenh.dll
0x00007fff43130000 - 0x00007fff43156000 	C:\Windows\SYSTEM32\bcrypt.dll
0x00007fff30690000 - 0x00007fff306ae000 	C:\Windows\System32\DevDispItemProvider.dll
0x00007fff2c610000 - 0x00007fff2c80d000 	C:\Windows\system32\wpdshext.dll
0x00007fff3d380000 - 0x00007fff3d531000 	C:\Windows\WinSxS\amd64_microsoft.windows.gdiplus_6595b64144ccf1df_1.1.9600.18470_none_9331b0df474a1995\gdiplus.dll
0x00007fff308c0000 - 0x00007fff30974000 	C:\Windows\System32\PortableDeviceApi.dll
0x00007fff43640000 - 0x00007fff43691000 	C:\Windows\system32\WINTRUST.dll
0x00007fff438f0000 - 0x00007fff43acf000 	C:\Windows\system32\CRYPT32.dll
0x00007fff43620000 - 0x00007fff43631000 	C:\Windows\system32\MSASN1.dll
0x00007fff3bfb0000 - 0x00007fff3bfe7000 	C:\Windows\System32\EhStorShell.dll
0x00007fff3e970000 - 0x00007fff3e996000 	C:\Windows\System32\EhStorAPI.dll
0x00007fff3fe80000 - 0x00007fff3fe92000 	C:\Windows\System32\WTSAPI32.dll
0x00007fff23ca0000 - 0x00007fff23cad000 	C:\Windows\SYSTEM32\LINKINFO.dll
0x00007fff415b0000 - 0x00007fff4175e000 	C:\Windows\SYSTEM32\WindowsCodecs.dll
0x0000000069340000 - 0x00000000693c5000 	C:\Users\Salman\AppData\Local\Temp\sqlite-3.7.2-sqlitejdbc.dll
0x00007fff394d0000 - 0x00007fff39659000 	C:\Windows\SYSTEM32\dbghelp.dll

VM Arguments:
java_command: lu.uni.adtool.ADToolMain
java_class_path (initial): C:\Users\Salman\Desktop\Courses\Thesis\Code\AlignedADTool\AlignedADTree\target\classes;C:\Users\Salman\.m2\repository\org\dockingframes\docking-frames-common\1.1.2-SNAPSHOT\docking-frames-common-1.1.2-SNAPSHOT.jar;C:\Users\Salman\.m2\repository\org\dockingframes\docking-frames-core\1.1.2-SNAPSHOT\docking-frames-core-1.1.2-SNAPSHOT.jar;C:\Users\Salman\.m2\repository\commons-cli\commons-cli\1.4\commons-cli-1.4.jar;C:\Users\Salman\.m2\repository\jfree\jcommon\1.0.16\jcommon-1.0.16.jar;C:\Users\Salman\.m2\repository\jfree\jfreechart\1.0.13\jfreechart-1.0.13.jar;C:\Users\Salman\.m2\repository\org\knowm\xchart\xchart\3.2.2\xchart-3.2.2.jar;C:\Users\Salman\.m2\repository\de\erichseifert\vectorgraphics2d\VectorGraphics2D\0.11\VectorGraphics2D-0.11.jar;C:\Users\Salman\.m2\repository\org\reflections\reflections\0.9.11\reflections-0.9.11.jar;C:\Users\Salman\.m2\repository\com\google\guava\guava\20.0\guava-20.0.jar;C:\Users\Salman\.m2\repository\org\javassist\javassist\3.21.0-GA\javassist-3.21.0-GA.jar;C:\Users\Salman\.m2\repository\org\abego\treelayout\org.abego.treelayout.core\1.0.3\org.abego.treelayout.core-1.0.3.jar;C:\Users\Salman\.m2\repository\com\itextpdf\itextpdf\5.5.11\itextpdf-5.5.11.jar;C:\Users\Salman\.m2\repository\com\itextpdf\tool\xmlworker\1.1.1\xmlworker-1.1.1.jar;C:\Users\Salman\.m2\repository\org\xerial\sqlite-jdbc\3.7.2\sqlite-jdbc-3.7.2.jar;C:\Users\Salman\.m2\repository\org\apache\commons\commons-lang3\3.0\commons-lang3-3.0.jar;C:\Users\Salman\.m2\repository\junit\junit\4.12\junit-4.12.jar;C:\Users\Salman\.m2\repository\org\hamcrest\hamcrest-core\1.3\hamcrest-core-1.3.jar
Launcher Type: SUN_STANDARD

Environment Variables:
JAVA_HOME=C:\Program Files\Java\jdk1.8.0_60
CLASSPATH=C:\Users\Salman\Desktop\New folder\nortal_lib\jexcelapi
PATH=C:\Python27\;C:\Python27\Scripts;C:\ProgramData\Oracle\Java\javapath;C:\Program Files (x86)\Intel\iCLS Client\;C:\Program Files\Intel\iCLS Client\;C:\Windows\system32;C:\Windows;C:\Windows\System32\Wbem;C:\Windows\System32\WindowsPowerShell\v1.0\;C:\Program Files\Intel\WiFi\bin\;C:\Program Files\Common Files\Intel\WirelessCommon\;C:\Program Files\Intel\Intel(R) Management Engine Components\DAL;C:\Program Files (x86)\Intel\Intel(R) Management Engine Components\DAL;C:\Program Files\Intel\Intel(R) Management Engine Components\IPT;C:\Program Files (x86)\Intel\Intel(R) Management Engine Components\IPT;C:\Program Files (x86)\Skype\Phone\;C:\Program Files (x86)\Heroku\bin;C:\Program Files (x86)\git\cmd;;C:\Program Files\Java\jdk1.8.0_60/bin;C:\Program Files (x86)\Microsoft SQL Server\100\Tools\Binn\;C:\Program Files (x86)\Microsoft SQL Server\100\DTS\Binn\;C:\Program Files\Microsoft\Web Platform Installer\;C:\Program Files\Microsoft Service Fabric\bin\Fabric\Fabric.Code;C:\Program Files\Microsoft SDKs\Service Fabric\Tools\ServiceFabricLocalClusterManager;C:\Program Files (x86)\Microsoft SDKs\Azure\CLI\wbin;C:\Program Files (x86)\Microsoft ASP.NET\ASP.NET Web Pages\v1.0\;C:\Program Files (x86)\Brackets\command;C:\Program Files\nodejs\;C:\Users\Salman\Anaconda2;C:\Users\Salman\Anaconda2\Scripts;C:\Users\Salman\Anaconda2\Library\bin;C:\Users\Salman\AppData\Local\atom\bin;C:\Ruby22\bin;HerokuPath;;C:\Program Files\Java\jdk1.8.0_60/bin;C:\Program Files\Docker Toolbox;C:\Users\Salman\Documents\workspace-sts-3.7.2.RELEASE\esi2016\rentit-ref\apache-maven-3.3.9\bin;C:\Users\Salman\Documents\workspace-sts-3.7.2.RELEASE\esi2016\rentit-ref\apache-maven-3.3.9\bin;C:\Program Files (x86)\Microsoft VS Code\bin;C:\Users\Salman\AppData\Roaming\npm;C:\Python27;C:\Users\Salman\AppData\Local\Enthought\Canopy\User;C:\Users\Salman\AppData\Local\Enthought\Canopy\User\Scripts;C:\sqlite
USERNAME=Salman
OS=Windows_NT
PROCESSOR_IDENTIFIER=Intel64 Family 6 Model 61 Stepping 4, GenuineIntel



---------------  S Y S T E M  ---------------

OS: Windows 8.1 , 64 bit Build 9600 (6.3.9600.17415)

CPU:total 4 (2 cores per cpu, 2 threads per core) family 6 model 61 stepping 4, cmov, cx8, fxsr, mmx, sse, sse2, sse3, ssse3, sse4.1, sse4.2, popcnt, avx, avx2, aes, clmul, erms, 3dnowpref, lzcnt, ht, tsc, tscinvbit, bmi1, bmi2, adx

Memory: 4k page, physical 8260716k(1047304k free), swap 16649324k(6380108k free)

vm_info: Java HotSpot(TM) 64-Bit Server VM (25.60-b23) for windows-amd64 JRE (1.8.0_60-b27), built on Aug  4 2015 11:06:27 by "java_re" with MS VC++ 10.0 (VS2010)

time: Mon Mar 27 20:57:24 2017
elapsed time: 4 seconds (0d 0h 0m 4s)

